SF:lib/fullscreen_image_viewer.dart
DA:7,0
DA:10,1
DA:15,2
DA:16,1
DA:19,2
LF:5
LH:4
end_of_record
SF:lib/fullscreen_viewer.dart
DA:10,1
DA:17,1
DA:18,1
DA:22,9
DA:24,2
DA:34,5
DA:37,1
DA:39,2
DA:40,2
DA:41,1
DA:44,1
DA:46,1
DA:47,1
DA:48,1
DA:49,1
DA:50,2
DA:51,2
DA:52,2
DA:53,6
DA:54,1
DA:55,3
DA:60,1
DA:61,1
DA:63,1
DA:64,1
DA:65,11
DA:66,1
DA:68,2
DA:70,2
DA:71,1
DA:74,1
DA:75,2
DA:76,0
DA:77,0
DA:79,2
DA:80,5
DA:84,2
DA:88,2
DA:89,1
DA:92,1
DA:93,1
DA:94,2
DA:95,2
LF:43
LH:41
end_of_record
